c:\users\user\desktop\mfcstudy\chattingprogram\chattingserver\chattingserver\debug\vc142.pdb
c:\users\user\desktop\mfcstudy\chattingprogram\chattingserver\chattingserver\debug\vc142.idb
c:\users\user\desktop\mfcstudy\chattingprogram\chattingserver\chattingserver\debug\chattingserverdlg.obj
c:\users\user\desktop\mfcstudy\chattingprogram\chattingserver\chattingserver\debug\chattingserver.obj
c:\users\user\desktop\mfcstudy\chattingprogram\chattingserver\chattingserver\debug\chattingserver.pch
c:\users\user\desktop\mfcstudy\chattingprogram\chattingserver\chattingserver\debug\pch.obj
c:\users\user\desktop\mfcstudy\chattingprogram\chattingserver\chattingserver\debug\socket.obj
c:\users\user\desktop\mfcstudy\chattingprogram\chattingserver\debug\chattingserver.ilk
c:\users\user\desktop\mfcstudy\chattingprogram\chattingserver\debug\chattingserver.exe
c:\users\user\desktop\mfcstudy\chattingprogram\chattingserver\debug\chattingserver.pdb
c:\users\user\desktop\mfcstudy\chattingprogram\chattingserver\chattingserver\debug\chattingserver.res
c:\users\user\desktop\mfcstudy\chattingprogram\chattingserver\chattingserver\debug\chattingserver.tlog\cl.command.1.tlog
c:\users\user\desktop\mfcstudy\chattingprogram\chattingserver\chattingserver\debug\chattingserver.tlog\cl.read.1.tlog
c:\users\user\desktop\mfcstudy\chattingprogram\chattingserver\chattingserver\debug\chattingserver.tlog\cl.write.1.tlog
c:\users\user\desktop\mfcstudy\chattingprogram\chattingserver\chattingserver\debug\chattingserver.tlog\link.command.1.tlog
c:\users\user\desktop\mfcstudy\chattingprogram\chattingserver\chattingserver\debug\chattingserver.tlog\link.read.1.tlog
c:\users\user\desktop\mfcstudy\chattingprogram\chattingserver\chattingserver\debug\chattingserver.tlog\link.write.1.tlog
c:\users\user\desktop\mfcstudy\chattingprogram\chattingserver\chattingserver\debug\chattingserver.tlog\rc.command.1.tlog
c:\users\user\desktop\mfcstudy\chattingprogram\chattingserver\chattingserver\debug\chattingserver.tlog\rc.read.1.tlog
c:\users\user\desktop\mfcstudy\chattingprogram\chattingserver\chattingserver\debug\chattingserver.tlog\rc.write.1.tlog
